#
# There is insufficient memory for the Java Runtime Environment to continue.
# Native memory allocation (mmap) failed to map 266338304 bytes for G1 virtual space
# Possible reasons:
#   The system is out of physical RAM or swap space
#   The process is running with CompressedOops enabled, and the Java Heap may be blocking the growth of the native heap
# Possible solutions:
#   Reduce memory load on the system
#   Increase physical memory or swap space
#   Check if swap backing store is full
#   Decrease Java heap size (-Xmx/-Xms)
#   Decrease number of Java threads
#   Decrease Java thread stack sizes (-Xss)
#   Set larger code cache with -XX:ReservedCodeCacheSize=
#   JVM is running with Zero Based Compressed Oops mode in which the Java heap is
#     placed in the first 32GB address space. The Java Heap base address is the
#     maximum limit for the native heap growth. Please use -XX:HeapBaseMinAddress
#     to set the Java Heap base and to place the Java Heap above 32GB virtual address.
# This output file may be truncated or incomplete.
#
#  Out of Memory Error (os_windows.cpp:3532), pid=51596, tid=47668
#
# JRE version:  (17.0.2+8) (build )
# Java VM: OpenJDK 64-Bit Server VM (17.0.2+8-86, mixed mode, sharing, tiered, compressed oops, compressed class ptrs, g1 gc, windows-amd64)
# No core dump will be written. Minidumps are not enabled by default on client versions of Windows
#

---------------  S U M M A R Y ------------

Command Line: -javaagent:D:\software\IntelliJ IDEA Community Edition 2021.3.2\lib\idea_rt.jar=52358:D:\software\IntelliJ IDEA Community Edition 2021.3.2\bin -Dfile.encoding=UTF-8 team.snof.simplesearch.search.engine.IndexStorage

Host: AMD Ryzen 7 5800H with Radeon Graphics         , 16 cores, 15G,  Windows 10 , 64 bit Build 19041 (10.0.19041.1706)
Time: Fri May 27 19:22:36 2022  Windows 10 , 64 bit Build 19041 (10.0.19041.1706) elapsed time: 0.027464 seconds (0d 0h 0m 0s)

---------------  T H R E A D  ---------------

Current thread (0x000001a7b7fd0220):  JavaThread "Unknown thread" [_thread_in_vm, id=47668, stack(0x0000000d63900000,0x0000000d63a00000)]

Stack: [0x0000000d63900000,0x0000000d63a00000]
Native frames: (J=compiled Java code, j=interpreted, Vv=VM code, C=native code)
V  [jvm.dll+0x670baa]
V  [jvm.dll+0x7cfcb4]
V  [jvm.dll+0x7d145e]
V  [jvm.dll+0x7d1ac3]
V  [jvm.dll+0x242bc5]
V  [jvm.dll+0x66dac9]
V  [jvm.dll+0x662412]
V  [jvm.dll+0x300c0b]
V  [jvm.dll+0x3081a6]
V  [jvm.dll+0x357d0e]
V  [jvm.dll+0x357f3f]
V  [jvm.dll+0x2d7ec8]
V  [jvm.dll+0x2d8e34]
V  [jvm.dll+0x7a18c1]
V  [jvm.dll+0x365a91]
V  [jvm.dll+0x780d2c]
V  [jvm.dll+0x3e845f]
V  [jvm.dll+0x3e9f01]
C  [jli.dll+0x527b]
C  [ucrtbase.dll+0x21bb2]
C  [KERNEL32.DLL+0x17034]
C  [ntdll.dll+0x52651]


---------------  P R O C E S S  ---------------

Threads class SMR info:
_java_thread_list=0x00007ffb0b2a9858, length=0, elements={
}

Java Threads: ( => current thread )

Other Threads:
  0x000001a7b8022600 GCTaskThread "GC Thread#0" [stack: 0x0000000d63a00000,0x0000000d63b00000] [id=56956]
  0x000001a7b8033250 ConcurrentGCThread "G1 Main Marker" [stack: 0x0000000d63b00000,0x0000000d63c00000] [id=47296]
  0x000001a7b8034310 ConcurrentGCThread "G1 Conc#0" [stack: 0x0000000d63c00000,0x0000000d63d00000] [id=36420]

[error occurred during error reporting (printing all threads), id 0xc0000005, EXCEPTION_ACCESS_VIOLATION (0xc0000005) at pc=0x00007ffb0aaf88a7]

VM state: not at safepoint (not fully initialized)

VM Mutex/Monitor currently owned by a thread:  ([mutex/lock_event])
[0x000001a7b7fcbe00] Heap_lock - owner thread: 0x000001a7b7fd0220

Heap address: 0x0000000702000000, size: 4064 MB, Compressed Oops mode: Zero based, Oop shift amount: 3

CDS archive(s) mapped at: [0x0000000000000000-0x0000000000000000-0x0000000000000000), size 0, SharedBaseAddress: 0x0000000800000000, ArchiveRelocationMode: 0.
Narrow klass base: 0x0000000000000000, Narrow klass shift: 0, Narrow klass range: 0x0

GC Precious Log:
<Empty>

Heap:
 garbage-first heap   total 0K, used 0K [0x0000000702000000, 0x0000000800000000)
  region size 2048K, 0 young (0K), 0 survivors (0K)

[error occurred during error reporting (printing heap information), id 0xc0000005, EXCEPTION_ACCESS_VIOLATION (0xc0000005) at pc=0x00007ffb0aed9f19]

GC Heap History (0 events):
No events

Deoptimization events (0 events):
No events

Classes unloaded (0 events):
No events

Classes redefined (0 events):
No events

Internal exceptions (0 events):
No events

VM Operations (0 events):
No events

Events (1 events):
Event: 0.023 Loaded shared library C:\Users\29965\.jdks\openjdk-17.0.2\bin\java.dll


Dynamic libraries:
0x00007ff749690000 - 0x00007ff74969e000 	C:\Users\29965\.jdks\openjdk-17.0.2\bin\java.exe
0x00007ffb6c2d0000 - 0x00007ffb6c4c5000 	C:\Windows\SYSTEM32\ntdll.dll
0x00007ffb6b8d0000 - 0x00007ffb6b98d000 	C:\Windows\System32\KERNEL32.DLL
0x00007ffb699e0000 - 0x00007ffb69cad000 	C:\Windows\System32\KERNELBASE.dll
0x00007ffb69e10000 - 0x00007ffb69f10000 	C:\Windows\System32\ucrtbase.dll
0x00007ffb63df0000 - 0x00007ffb63e08000 	C:\Users\29965\.jdks\openjdk-17.0.2\bin\jli.dll
0x00007ffb63ea0000 - 0x00007ffb63eba000 	C:\Users\29965\.jdks\openjdk-17.0.2\bin\VCRUNTIME140.dll
0x00007ffb6b9c0000 - 0x00007ffb6bb60000 	C:\Windows\System32\USER32.dll
0x00007ffb69de0000 - 0x00007ffb69e02000 	C:\Windows\System32\win32u.dll
0x00007ffb6b990000 - 0x00007ffb6b9ba000 	C:\Windows\System32\GDI32.dll
0x00007ffb5c8d0000 - 0x00007ffb5cb6a000 	C:\Windows\WinSxS\amd64_microsoft.windows.common-controls_6595b64144ccf1df_6.0.19041.1110_none_60b5254171f9507e\COMCTL32.dll
0x00007ffb69f10000 - 0x00007ffb6a01b000 	C:\Windows\System32\gdi32full.dll
0x00007ffb6b830000 - 0x00007ffb6b8ce000 	C:\Windows\System32\msvcrt.dll
0x00007ffb6a070000 - 0x00007ffb6a10d000 	C:\Windows\System32\msvcp_win.dll
0x00007ffb6b2b0000 - 0x00007ffb6b2e0000 	C:\Windows\System32\IMM32.DLL
0x00007ffb65b80000 - 0x00007ffb65b8c000 	C:\Users\29965\.jdks\openjdk-17.0.2\bin\vcruntime140_1.dll
0x00007ffb45ba0000 - 0x00007ffb45c2d000 	C:\Users\29965\.jdks\openjdk-17.0.2\bin\msvcp140.dll
0x00007ffb0a810000 - 0x00007ffb0b3d1000 	C:\Users\29965\.jdks\openjdk-17.0.2\bin\server\jvm.dll
0x00007ffb6bdb0000 - 0x00007ffb6be5e000 	C:\Windows\System32\ADVAPI32.dll
0x00007ffb6a320000 - 0x00007ffb6a3bc000 	C:\Windows\System32\sechost.dll
0x00007ffb6c160000 - 0x00007ffb6c285000 	C:\Windows\System32\RPCRT4.dll
0x00007ffb6b1f0000 - 0x00007ffb6b1f8000 	C:\Windows\System32\PSAPI.DLL
0x00007ffb63f20000 - 0x00007ffb63f29000 	C:\Windows\SYSTEM32\WSOCK32.dll
0x00007ffb6b2e0000 - 0x00007ffb6b34b000 	C:\Windows\System32\WS2_32.dll
0x00007ffb5f6f0000 - 0x00007ffb5f717000 	C:\Windows\SYSTEM32\WINMM.dll
0x00007ffb62f10000 - 0x00007ffb62f1a000 	C:\Windows\SYSTEM32\VERSION.dll
0x00007ffb68270000 - 0x00007ffb68282000 	C:\Windows\SYSTEM32\kernel.appcore.dll
0x00007ffb645e0000 - 0x00007ffb645ea000 	C:\Users\29965\.jdks\openjdk-17.0.2\bin\jimage.dll
0x00007ffb68060000 - 0x00007ffb68244000 	C:\Windows\SYSTEM32\DBGHELP.DLL
0x00007ffb544d0000 - 0x00007ffb544fc000 	C:\Windows\SYSTEM32\dbgcore.DLL
0x00007ffb69cb0000 - 0x00007ffb69d32000 	C:\Windows\System32\bcryptPrimitives.dll
0x00007ffb55a50000 - 0x00007ffb55a5e000 	C:\Users\29965\.jdks\openjdk-17.0.2\bin\instrument.dll
0x00007ffb52060000 - 0x00007ffb52085000 	C:\Users\29965\.jdks\openjdk-17.0.2\bin\java.dll

dbghelp: loaded successfully - version: 4.0.5 - missing functions: none
symbol engine: initialized successfully - sym options: 0x614 - pdb path: .;C:\Users\29965\.jdks\openjdk-17.0.2\bin;C:\Windows\SYSTEM32;C:\Windows\WinSxS\amd64_microsoft.windows.common-controls_6595b64144ccf1df_6.0.19041.1110_none_60b5254171f9507e;C:\Users\29965\.jdks\openjdk-17.0.2\bin\server

VM Arguments:
jvm_args: -javaagent:D:\software\IntelliJ IDEA Community Edition 2021.3.2\lib\idea_rt.jar=52358:D:\software\IntelliJ IDEA Community Edition 2021.3.2\bin -Dfile.encoding=UTF-8 
java_command: team.snof.simplesearch.search.engine.IndexStorage
java_class_path (initial): D:\search\simple-search\target\classes;C:\Users\29965\.m2\repository\org\springframework\boot\spring-boot-starter\2.7.0\spring-boot-starter-2.7.0.jar;C:\Users\29965\.m2\repository\org\springframework\boot\spring-boot\2.7.0\spring-boot-2.7.0.jar;C:\Users\29965\.m2\repository\org\springframework\spring-context\5.3.20\spring-context-5.3.20.jar;C:\Users\29965\.m2\repository\org\springframework\spring-aop\5.3.20\spring-aop-5.3.20.jar;C:\Users\29965\.m2\repository\org\springframework\spring-beans\5.3.20\spring-beans-5.3.20.jar;C:\Users\29965\.m2\repository\org\springframework\spring-expression\5.3.20\spring-expression-5.3.20.jar;C:\Users\29965\.m2\repository\org\springframework\boot\spring-boot-autoconfigure\2.7.0\spring-boot-autoconfigure-2.7.0.jar;C:\Users\29965\.m2\repository\org\springframework\boot\spring-boot-starter-logging\2.7.0\spring-boot-starter-logging-2.7.0.jar;C:\Users\29965\.m2\repository\ch\qos\logback\logback-classic\1.2.11\logback-classic-1.2.11.jar;C:\Users\29965\.m2\repository\ch\qos\logback\logback-core\1.2.11\logback-core-1.2.11.jar;C:\Users\29965\.m2\repository\org\apache\logging\log4j\log4j-to-slf4j\2.17.2\log4j-to-slf4j-2.17.2.jar;C:\Users\29965\.m2\repository\org\apache\logging\log4j\log4j-api\2.17.2\log4j-api-2.17.2.jar;C:\Users\29965\.m2\repository\org\slf4j\jul-to-slf4j\1.7.36\jul-to-slf4j-1.7.36.jar;C:\Users\29965\.m2\repository\jakarta\annotation\jakarta.annotation-api\1.3.5\jakarta.annotation-api-1.3.5.jar;C:\Users\29965\.m2\repository\org\springframework\spring-core\5.3.20\spring-core-5.3.20.jar;C:\Users\29965\.m2\repository\org\springframework\spring-jcl\5.3.20\spring-jcl-5.3.20.jar;C:\Users\29965\.m2\repository\org\yaml\snakeyaml\1.30\snakeyaml-1.30.jar;C:\Users\29965\.m2\repository\org\projectlombok\lombok\1.18.24\lombok-1.18.24.jar;C:\Users\29965\.m2\repository\org\slf4j\slf4j-api\1.7.36\slf4j-api-1.7.36.jar;C:\Users\29965\.m2\repository\org\apache\commons\commons-lang3\3.12.0\commons-lang3-3.12.0.jar;C:\Us
Launcher Type: SUN_STANDARD

[Global flags]
     intx CICompilerCount                          = 12                                        {product} {ergonomic}
     uint ConcGCThreads                            = 3                                         {product} {ergonomic}
     uint G1ConcRefinementThreads                  = 13                                        {product} {ergonomic}
   size_t G1HeapRegionSize                         = 2097152                                   {product} {ergonomic}
    uintx GCDrainStackTargetSize                   = 64                                        {product} {ergonomic}
   size_t InitialHeapSize                          = 266338304                                 {product} {ergonomic}
   size_t MarkStackSize                            = 4194304                                   {product} {ergonomic}
   size_t MaxHeapSize                              = 4261412864                                {product} {ergonomic}
   size_t MinHeapDeltaBytes                        = 2097152                                   {product} {ergonomic}
   size_t MinHeapSize                              = 8388608                                   {product} {ergonomic}
    uintx NonNMethodCodeHeapSize                   = 7602480                                {pd product} {ergonomic}
    uintx NonProfiledCodeHeapSize                  = 122027880                              {pd product} {ergonomic}
    uintx ProfiledCodeHeapSize                     = 122027880                              {pd product} {ergonomic}
    uintx ReservedCodeCacheSize                    = 251658240                              {pd product} {ergonomic}
     bool SegmentedCodeCache                       = true                                      {product} {ergonomic}
   size_t SoftMaxHeapSize                          = 4261412864                             {manageable} {ergonomic}
     bool UseCompressedClassPointers               = true                           {product lp64_product} {ergonomic}
     bool UseCompressedOops                        = true                           {product lp64_product} {ergonomic}
     bool UseG1GC                                  = true                                      {product} {ergonomic}
     bool UseLargePagesIndividualAllocation        = false                                  {pd product} {ergonomic}

Logging:
Log output configuration:
 #0: stdout all=warning uptime,level,tags
 #1: stderr all=off uptime,level,tags

Environment Variables:
JAVA_HOME=D:\jdk17
PATH=C:\Program Files\Common Files\Oracle\Java\javapath;C:\Program Files\NVIDIA GPU Computing Toolkit\CUDA\v10.1\bin;C:\Program Files\NVIDIA GPU Computing Toolkit\CUDA\v10.1\libnvvp;C:\Windows\system32;C:\Windows;C:\Windows\System32\Wbem;C:\Windows\System32\WindowsPowerShell\v1.0\;C:\Windows\System32\OpenSSH\;C:\Program Files (x86)\NVIDIA Corporation\PhysX\Common;C:\Program Files\NVIDIA Corporation\Nsight Compute 2019.1\;D:\work\Git\cmd;D:\work\redis;D:\Go\bin;C:\Users\29965\AppData\Local\Microsoft\WindowsApps;D:\miniconda\condabin;D:\miniconda\Scripts;;D:\software\PyCharm Community Edition 2021.1\bin;;D:\software\IntelliJ IDEA Community Edition 2021.3.2\bin;;D:\jdk17\bin;D:\software\Microsoft VS Code\bin;D:\work\apache-maven-3.8.4\bin;D:\work\mysql-8.0.28-winx64\bin;C:\Users\29965\go\bin
USERNAME=29965
OS=Windows_NT
PROCESSOR_IDENTIFIER=AMD64 Family 25 Model 80 Stepping 0, AuthenticAMD



---------------  S Y S T E M  ---------------

OS:
 Windows 10 , 64 bit Build 19041 (10.0.19041.1706)
OS uptime: 8 days 9:10 hours

CPU: total 16 (initial active 16) (16 cores per cpu, 2 threads per core) family 25 model 80 stepping 0 microcode 0x0, cx8, cmov, fxsr, ht, mmx, 3dnowpref, sse, sse2, sse3, ssse3, sse4a, sse4.1, sse4.2, popcnt, lzcnt, tsc, tscinvbit, avx, avx2, aes, erms, clmul, bmi1, bmi2, adx, sha, fma, vzeroupper, clflush, clflushopt

Memory: 4k page, system-wide physical 16252M (2836M free)
TotalPageFile size 22752M (AvailPageFile size 211M)
current process WorkingSet (physical memory assigned to process): 10M, peak: 10M
current process commit charge ("private bytes"): 70M, peak: 324M

vm_info: OpenJDK 64-Bit Server VM (17.0.2+8-86) for windows-amd64 JRE (17.0.2+8-86), built on Dec  7 2021 21:49:10 by "mach5one" with MS VC++ 16.8 / 16.9 (VS2019)

END.
